<?xml version="1.0" encoding="UTF-8" ?>
<testsuite failures="0" time="0.047" errors="0" skipped="0" tests="12" name="com.adaptionsoft.games.uglytrivia.test.TestGameQuestionsCurrentCategory">
  <properties>
[...]
</properties>
  <testcase time="0.016" classname="com.adaptionsoft.games.uglytrivia.test.TestGameQuestionsCurrentCategory" name="pop_Category[0]"/>
  <testcase time="0" classname="com.adaptionsoft.games.uglytrivia.test.TestGameQuestionsCurrentCategory" name="pop_Category[1]"/>
  <testcase time="0" classname="com.adaptionsoft.games.uglytrivia.test.TestGameQuestionsCurrentCategory" name="pop_Category[2]"/>
  <testcase time="0" classname="com.adaptionsoft.games.uglytrivia.test.TestGameQuestionsCurrentCategory" name="pop_Category[3]"/>
  <testcase time="0" classname="com.adaptionsoft.games.uglytrivia.test.TestGameQuestionsCurrentCategory" name="pop_Category[4]"/>
  <testcase time="0" classname="com.adaptionsoft.games.uglytrivia.test.TestGameQuestionsCurrentCategory" name="pop_Category[5]"/>
  <testcase time="0.015" classname="com.adaptionsoft.games.uglytrivia.test.TestGameQuestionsCurrentCategory" name="pop_Category[6]"/>
  <testcase time="0" classname="com.adaptionsoft.games.uglytrivia.test.TestGameQuestionsCurrentCategory" name="pop_Category[7]"/>
  <testcase time="0" classname="com.adaptionsoft.games.uglytrivia.test.TestGameQuestionsCurrentCategory" name="pop_Category[8]"/>
  <testcase time="0.016" classname="com.adaptionsoft.games.uglytrivia.test.TestGameQuestionsCurrentCategory" name="pop_Category[9]"/>
  <testcase time="0" classname="com.adaptionsoft.games.uglytrivia.test.TestGameQuestionsCurrentCategory" name="pop_Category[10]"/>
  <testcase time="0" classname="com.adaptionsoft.games.uglytrivia.test.TestGameQuestionsCurrentCategory" name="pop_Category[11]"/>
</testsuite>